Flow report for video
Mon Apr 25 03:40:58 2016
Quartus II 64-Bit Version 14.1.0 Build 186 12/03/2014 SJ Web Edition


---------------------
; Table of Contents ;
---------------------
  1. Legal Notice
  2. Flow Summary
  3. Flow Settings
  4. Flow Non-Default Global Settings
  5. Flow Elapsed Time
  6. Flow OS Summary
  7. Flow Log
  8. Flow Messages
  9. Flow Suppressed Messages



----------------
; Legal Notice ;
----------------
Copyright (C) 1991-2014 Altera Corporation. All rights reserved.
Your use of Altera Corporation's design tools, logic functions 
and other software and tools, and its AMPP partner logic 
functions, and any output files from any of the foregoing 
(including device programming or simulation files), and any 
associated documentation or information are expressly subject 
to the terms and conditions of the Altera Program License 
Subscription Agreement, the Altera Quartus II License Agreement,
the Altera MegaCore Function License Agreement, or other 
applicable license agreement, including, without limitation, 
that your use is for the sole purpose of programming logic 
devices manufactured by Altera and sold by Altera or its 
authorized distributors.  Please refer to the applicable 
agreement for further details.



+---------------------------------------------------------------------------------+
; Flow Summary                                                                    ;
+------------------------------------+--------------------------------------------+
; Flow Status                        ; Successful - Mon Apr 25 03:40:58 2016      ;
; Quartus II 64-Bit Version          ; 14.1.0 Build 186 12/03/2014 SJ Web Edition ;
; Revision Name                      ; video                                      ;
; Top-level Entity Name              ; video                                      ;
; Family                             ; Cyclone IV E                               ;
; Device                             ; EP4CE115F29C7                              ;
; Timing Models                      ; Final                                      ;
; Total logic elements               ; 5,594 / 114,480 ( 5 % )                    ;
;     Total combinational functions  ; 4,988 / 114,480 ( 4 % )                    ;
;     Dedicated logic registers      ; 2,828 / 114,480 ( 2 % )                    ;
; Total registers                    ; 2966                                       ;
; Total pins                         ; 204 / 529 ( 39 % )                         ;
; Total virtual pins                 ; 0                                          ;
; Total memory bits                  ; 11,392 / 3,981,312 ( < 1 % )               ;
; Embedded Multiplier 9-bit elements ; 16 / 532 ( 3 % )                           ;
; Total PLLs                         ; 1 / 4 ( 25 % )                             ;
+------------------------------------+--------------------------------------------+


+-----------------------------------------+
; Flow Settings                           ;
+-------------------+---------------------+
; Option            ; Setting             ;
+-------------------+---------------------+
; Start date & time ; 04/25/2016 03:38:59 ;
; Main task         ; Compilation         ;
; Revision Name     ; video               ;
+-------------------+---------------------+


+---------------------------------------------------------------------------------------------------------------------------------------------+
; Flow Non-Default Global Settings                                                                                                            ;
+-------------------------------------+--------------------------------------------------------+---------------+-------------+----------------+
; Assignment Name                     ; Value                                                  ; Default Value ; Entity Name ; Section Id     ;
+-------------------------------------+--------------------------------------------------------+---------------+-------------+----------------+
; COMPILER_SIGNATURE_ID               ; 149962534003361.146157353902264                        ; --            ; --          ; --             ;
; EDA_OUTPUT_DATA_FORMAT              ; Systemverilog Hdl                                      ; --            ; --          ; eda_simulation ;
; EDA_SIMULATION_TOOL                 ; ModelSim-Altera (SystemVerilog)                        ; <None>        ; --          ; --             ;
; MAX_CORE_JUNCTION_TEMP              ; 85                                                     ; --            ; --          ; --             ;
; MIN_CORE_JUNCTION_TEMP              ; 0                                                      ; --            ; --          ; --             ;
; MISC_FILE                           ; nios/synthesis/../nios.cmp                             ; --            ; --          ; --             ;
; MISC_FILE                           ; nios/synthesis/../../nios.qsys                         ; --            ; --          ; --             ;
; NOMINAL_CORE_SUPPLY_VOLTAGE         ; 1.2V                                                   ; --            ; --          ; --             ;
; PARTITION_COLOR                     ; 16764057                                               ; --            ; --          ; Top            ;
; PARTITION_FITTER_PRESERVATION_LEVEL ; PLACEMENT_AND_ROUTING                                  ; --            ; --          ; Top            ;
; PARTITION_NETLIST_TYPE              ; SOURCE                                                 ; --            ; --          ; Top            ;
; POWER_BOARD_THERMAL_MODEL           ; None (CONSERVATIVE)                                    ; --            ; --          ; --             ;
; POWER_PRESET_COOLING_SOLUTION       ; 23 MM HEAT SINK WITH 200 LFPM AIRFLOW                  ; --            ; --          ; --             ;
; PROJECT_OUTPUT_DIRECTORY            ; output_files                                           ; --            ; --          ; --             ;
; SLD_FILE                            ; nios/synthesis/nios.regmap                             ; --            ; --          ; --             ;
; SLD_FILE                            ; nios/synthesis/nios.debuginfo                          ; --            ; --          ; --             ;
; SLD_INFO                            ; QSYS_NAME nios HAS_SOPCINFO 1 GENERATION_ID 1461568625 ; --            ; nios        ; --             ;
; SOPCINFO_FILE                       ; nios/synthesis/../../nios.sopcinfo                     ; --            ; --          ; --             ;
; SYNTHESIS_ONLY_QIP                  ; On                                                     ; --            ; --          ; --             ;
+-------------------------------------+--------------------------------------------------------+---------------+-------------+----------------+


+-------------------------------------------------------------------------------------------------------------------------------+
; Flow Elapsed Time                                                                                                             ;
+---------------------------+--------------+-------------------------+---------------------+------------------------------------+
; Module Name               ; Elapsed Time ; Average Processors Used ; Peak Virtual Memory ; Total CPU Time (on all processors) ;
+---------------------------+--------------+-------------------------+---------------------+------------------------------------+
; Analysis & Synthesis      ; 00:00:57     ; 1.0                     ; 1812 MB             ; 00:01:21                           ;
; Fitter                    ; 00:00:36     ; 1.0                     ; 1235 MB             ; 00:00:35                           ;
; Assembler                 ; 00:00:04     ; 1.0                     ; 612 MB              ; 00:00:04                           ;
; TimeQuest Timing Analyzer ; 00:00:05     ; 1.0                     ; 780 MB              ; 00:00:05                           ;
; EDA Netlist Writer        ; 00:00:07     ; 1.0                     ; 639 MB              ; 00:00:06                           ;
; Total                     ; 00:01:49     ; --                      ; --                  ; 00:02:11                           ;
+---------------------------+--------------+-------------------------+---------------------+------------------------------------+


+----------------------------------------------------------------------------------------+
; Flow OS Summary                                                                        ;
+---------------------------+------------------+-----------+------------+----------------+
; Module Name               ; Machine Hostname ; OS Name   ; OS Version ; Processor type ;
+---------------------------+------------------+-----------+------------+----------------+
; Analysis & Synthesis      ; DESKTOP-HPV2F6L  ; Windows 7 ; 6.2        ; x86_64         ;
; Fitter                    ; DESKTOP-HPV2F6L  ; Windows 7 ; 6.2        ; x86_64         ;
; Assembler                 ; DESKTOP-HPV2F6L  ; Windows 7 ; 6.2        ; x86_64         ;
; TimeQuest Timing Analyzer ; DESKTOP-HPV2F6L  ; Windows 7 ; 6.2        ; x86_64         ;
; EDA Netlist Writer        ; DESKTOP-HPV2F6L  ; Windows 7 ; 6.2        ; x86_64         ;
+---------------------------+------------------+-----------+------------+----------------+


------------
; Flow Log ;
------------
quartus_map --read_settings_files=on --write_settings_files=off video -c video
quartus_fit --read_settings_files=off --write_settings_files=off video -c video
quartus_asm --read_settings_files=off --write_settings_files=off video -c video
quartus_sta video -c video
quartus_eda --read_settings_files=off --write_settings_files=off video -c video



